<?xml version="1.0" encoding="UTF-8"?>
<!-- Generated by org.testng.reporters.JUnitReportReporter -->
<testsuite hostname="user1" failures="0" tests="5" name="runners.CRMRunner" time="0.208" errors="0" timestamp="2025-04-10T17:45:35 IST" skipped="0">
  <testcase classname="runners.CRMRunner" name="runScenario" time="0.023"/>
  <testcase classname="runners.CRMRunner" name="runScenario" time="0.021"/>
  <testcase classname="runners.CRMRunner" name="runScenario" time="0.013"/>
  <testcase classname="runners.CRMRunner" name="runScenario" time="0.130"/>
  <testcase classname="runners.CRMRunner" name="runScenario" time="0.021"/>
</testsuite> <!-- runners.CRMRunner -->
