<?xml version="1.0" encoding="UTF-8"?>
<!-- Generated by org.testng.reporters.JUnitReportReporter -->
<testsuite hostname="user1" failures="0" tests="2" name="runners.CRMRunner" time="0.161" errors="0" timestamp="2025-04-11T15:45:45 IST" skipped="0">
  <testcase classname="runners.CRMRunner" name="runScenario" time="0.139"/>
  <testcase classname="runners.CRMRunner" name="runScenario" time="0.022"/>
</testsuite> <!-- runners.CRMRunner -->
