<?xml version="1.0" encoding="UTF-8"?>
<!-- Generated by org.testng.reporters.JUnitReportReporter -->
<testsuite hostname="user1" failures="0" tests="1" name="runners.BookSearchRunner" time="8.615" errors="0" timestamp="2025-04-10T16:48:49 IST" skipped="0">
  <testcase classname="runners.BookSearchRunner" name="runScenario" time="8.615"/>
</testsuite> <!-- runners.BookSearchRunner -->
